[INFO] [2016-02-29 15:10:00][org.springframework.web.servlet.DispatcherServlet]FrameworkServlet 'springmvc': initialization started
[INFO] [2016-02-29 15:10:00][org.springframework.web.context.support.XmlWebApplicationContext]Refreshing WebApplicationContext for namespace 'springmvc-servlet': startup date [Mon Feb 29 15:10:00 CST 2016]; root of context hierarchy
[INFO] [2016-02-29 15:10:00][org.springframework.beans.factory.xml.XmlBeanDefinitionReader]Loading XML bean definitions from ServletContext resource [/WEB-INF/springmvc-servlet.xml]
[INFO] [2016-02-29 15:10:01][org.springframework.web.servlet.handler.SimpleUrlHandlerMapping]Mapped URL path [/assets/**] onto handler 'org.springframework.web.servlet.resource.ResourceHttpRequestHandler#0'
[INFO] [2016-02-29 15:10:01][org.springframework.web.servlet.handler.SimpleUrlHandlerMapping]Mapped URL path [/views/**] onto handler 'org.springframework.web.servlet.resource.ResourceHttpRequestHandler#1'
[INFO] [2016-02-29 15:10:01][org.springframework.web.servlet.mvc.method.annotation.RequestMappingHandlerMapping]Mapped "{[// || //index],methods=[],params=[],headers=[],consumes=[],produces=[],custom=[]}" onto public java.lang.String com.richard.hello.controlller.HomeController.index()
[INFO] [2016-02-29 15:10:01][org.springframework.web.servlet.mvc.method.annotation.RequestMappingHandlerAdapter]Looking for @ControllerAdvice: WebApplicationContext for namespace 'springmvc-servlet': startup date [Mon Feb 29 15:10:00 CST 2016]; root of context hierarchy
[INFO] [2016-02-29 15:10:01][org.springframework.web.servlet.mvc.method.annotation.RequestMappingHandlerAdapter]Looking for @ControllerAdvice: WebApplicationContext for namespace 'springmvc-servlet': startup date [Mon Feb 29 15:10:00 CST 2016]; root of context hierarchy
[INFO] [2016-02-29 15:10:01][org.springframework.web.servlet.DispatcherServlet]FrameworkServlet 'springmvc': initialization completed in 731 ms
[WARN] [2016-02-29 15:10:10][org.springframework.web.servlet.PageNotFound]No mapping found for HTTP request with URI [/favicon.ico] in DispatcherServlet with name 'springmvc'
[INFO] [2016-02-29 16:15:09][org.springframework.web.context.support.XmlWebApplicationContext]Closing WebApplicationContext for namespace 'springmvc-servlet': startup date [Mon Feb 29 15:10:00 CST 2016]; root of context hierarchy
[INFO] [2016-02-29 16:15:09][org.springframework.web.servlet.DispatcherServlet]FrameworkServlet 'springmvc': initialization started
[INFO] [2016-02-29 16:15:09][org.springframework.web.context.support.XmlWebApplicationContext]Refreshing WebApplicationContext for namespace 'springmvc-servlet': startup date [Mon Feb 29 16:15:09 CST 2016]; root of context hierarchy
[INFO] [2016-02-29 16:15:09][org.springframework.beans.factory.xml.XmlBeanDefinitionReader]Loading XML bean definitions from ServletContext resource [/WEB-INF/springmvc-servlet.xml]
[INFO] [2016-02-29 16:15:09][org.springframework.web.servlet.handler.SimpleUrlHandlerMapping]Mapped URL path [/assets/**] onto handler 'org.springframework.web.servlet.resource.ResourceHttpRequestHandler#0'
[INFO] [2016-02-29 16:15:09][org.springframework.web.servlet.handler.SimpleUrlHandlerMapping]Mapped URL path [/views/**] onto handler 'org.springframework.web.servlet.resource.ResourceHttpRequestHandler#1'
[INFO] [2016-02-29 16:15:09][org.springframework.web.servlet.mvc.method.annotation.RequestMappingHandlerMapping]Mapped "{[// || //index],methods=[],params=[],headers=[],consumes=[],produces=[],custom=[]}" onto public java.lang.String com.richard.hello.controlller.HomeController.index()
[INFO] [2016-02-29 16:15:09][org.springframework.web.servlet.mvc.method.annotation.RequestMappingHandlerAdapter]Looking for @ControllerAdvice: WebApplicationContext for namespace 'springmvc-servlet': startup date [Mon Feb 29 16:15:09 CST 2016]; root of context hierarchy
[INFO] [2016-02-29 16:15:09][org.springframework.web.servlet.mvc.method.annotation.RequestMappingHandlerAdapter]Looking for @ControllerAdvice: WebApplicationContext for namespace 'springmvc-servlet': startup date [Mon Feb 29 16:15:09 CST 2016]; root of context hierarchy
[INFO] [2016-02-29 16:15:10][org.springframework.web.servlet.DispatcherServlet]FrameworkServlet 'springmvc': initialization completed in 466 ms
